<?xml version="1.0" encoding="UTF-8"?>
<testsuite xmlns:xsi="http://www.w3.org/2001/XMLSchema-instance" xsi:noNamespaceSchemaLocation="https://maven.apache.org/surefire/maven-surefire-plugin/xsd/surefire-test-report-3.0.xsd" version="3.0" name="Prepare_SearchAndSortSystem_Tests" time="0.093" tests="9" errors="0" skipped="0" failures="0">
  <properties>
    <property name="java.specification.version" value="21"/>
    <property name="sun.cpu.isalist" value="amd64"/>
    <property name="sun.jnu.encoding" value="Cp1252"/>
    <property name="java.class.path" value="C:\Users\Hanoz\Documents\My Folder\Programming\Java\EmailOrganisationSystem\target\test-classes;C:\Users\Hanoz\Documents\My Folder\Programming\Java\EmailOrganisationSystem\target\classes;C:\Users\Hanoz\.m2\repository\org\junit\jupiter\junit-jupiter-api\5.6.0\junit-jupiter-api-5.6.0.jar;C:\Users\Hanoz\.m2\repository\org\apiguardian\apiguardian-api\1.1.0\apiguardian-api-1.1.0.jar;C:\Users\Hanoz\.m2\repository\org\opentest4j\opentest4j\1.2.0\opentest4j-1.2.0.jar;C:\Users\Hanoz\.m2\repository\org\junit\platform\junit-platform-commons\1.6.0\junit-platform-commons-1.6.0.jar;C:\Users\Hanoz\.m2\repository\org\junit\jupiter\junit-jupiter-params\5.6.0\junit-jupiter-params-5.6.0.jar;C:\Users\Hanoz\.m2\repository\org\junit\jupiter\junit-jupiter-engine\5.6.0\junit-jupiter-engine-5.6.0.jar;C:\Users\Hanoz\.m2\repository\org\junit\platform\junit-platform-engine\1.6.0\junit-platform-engine-1.6.0.jar;"/>
    <property name="java.vm.vendor" value="Oracle Corporation"/>
    <property name="sun.arch.data.model" value="64"/>
    <property name="user.variant" value=""/>
    <property name="java.vendor.url" value="https://java.oracle.com/"/>
    <property name="user.timezone" value="Europe/London"/>
    <property name="user.country.format" value="150"/>
    <property name="os.name" value="Windows 10"/>
    <property name="java.vm.specification.version" value="21"/>
    <property name="user.country" value="US"/>
    <property name="sun.java.launcher" value="SUN_STANDARD"/>
    <property name="sun.boot.library.path" value="C:\Program Files\Java\jdk-21\bin"/>
    <property name="sun.java.command" value="C:\Users\Hanoz\AppData\Local\Temp\surefire5052825851826649369\surefirebooter-20240128224302863_3.jar C:\Users\Hanoz\AppData\Local\Temp\surefire5052825851826649369 2024-01-28T22-43-02_761-jvmRun1 surefire-20240128224302863_1tmp surefire_0-20240128224302863_2tmp"/>
    <property name="jdk.debug" value="release"/>
    <property name="test" value="Prepare_SearchAndSortSystem_Tests"/>
    <property name="surefire.test.class.path" value="C:\Users\Hanoz\Documents\My Folder\Programming\Java\EmailOrganisationSystem\target\test-classes;C:\Users\Hanoz\Documents\My Folder\Programming\Java\EmailOrganisationSystem\target\classes;C:\Users\Hanoz\.m2\repository\org\junit\jupiter\junit-jupiter-api\5.6.0\junit-jupiter-api-5.6.0.jar;C:\Users\Hanoz\.m2\repository\org\apiguardian\apiguardian-api\1.1.0\apiguardian-api-1.1.0.jar;C:\Users\Hanoz\.m2\repository\org\opentest4j\opentest4j\1.2.0\opentest4j-1.2.0.jar;C:\Users\Hanoz\.m2\repository\org\junit\platform\junit-platform-commons\1.6.0\junit-platform-commons-1.6.0.jar;C:\Users\Hanoz\.m2\repository\org\junit\jupiter\junit-jupiter-params\5.6.0\junit-jupiter-params-5.6.0.jar;C:\Users\Hanoz\.m2\repository\org\junit\jupiter\junit-jupiter-engine\5.6.0\junit-jupiter-engine-5.6.0.jar;C:\Users\Hanoz\.m2\repository\org\junit\platform\junit-platform-engine\1.6.0\junit-platform-engine-1.6.0.jar;"/>
    <property name="sun.cpu.endian" value="little"/>
    <property name="user.home" value="C:\Users\Hanoz"/>
    <property name="user.language" value="en"/>
    <property name="java.specification.vendor" value="Oracle Corporation"/>
    <property name="java.version.date" value="2023-10-17"/>
    <property name="java.home" value="C:\Program Files\Java\jdk-21"/>
    <property name="file.separator" value="\"/>
    <property name="basedir" value="C:\Users\Hanoz\Documents\My Folder\Programming\Java\EmailOrganisationSystem"/>
    <property name="java.vm.compressedOopsMode" value="32-bit"/>
    <property name="line.separator" value="&#10;"/>
    <property name="java.vm.specification.vendor" value="Oracle Corporation"/>
    <property name="java.specification.name" value="Java Platform API Specification"/>
    <property name="surefire.real.class.path" value="C:\Users\Hanoz\AppData\Local\Temp\surefire5052825851826649369\surefirebooter-20240128224302863_3.jar"/>
    <property name="user.script" value=""/>
    <property name="sun.management.compiler" value="HotSpot 64-Bit Tiered Compilers"/>
    <property name="java.runtime.version" value="21.0.1+12-LTS-29"/>
    <property name="user.name" value="Hanoz"/>
    <property name="stdout.encoding" value="Cp1252"/>
    <property name="path.separator" value=";"/>
    <property name="os.version" value="10.0"/>
    <property name="java.runtime.name" value="Java(TM) SE Runtime Environment"/>
    <property name="file.encoding" value="UTF-8"/>
    <property name="java.vm.name" value="Java HotSpot(TM) 64-Bit Server VM"/>
    <property name="maven.ext.class.path" value="C:\Program Files\NetBeans-18\netbeans\java\maven-nblib\netbeans-eventspy.jar"/>
    <property name="localRepository" value="C:\Users\Hanoz\.m2\repository"/>
    <property name="java.vendor.url.bug" value="https://bugreport.java.com/bugreport/"/>
    <property name="java.io.tmpdir" value="C:\Users\Hanoz\AppData\Local\Temp\"/>
    <property name="java.version" value="21.0.1"/>
    <property name="user.dir" value="C:\Users\Hanoz\Documents\My Folder\Programming\Java\EmailOrganisationSystem"/>
    <property name="os.arch" value="amd64"/>
    <property name="java.vm.specification.name" value="Java Virtual Machine Specification"/>
    <property name="sun.os.patch.level" value=""/>
    <property name="native.encoding" value="Cp1252"/>
    <property name="java.library.path" value="C:\Program Files\Java\jdk-21\bin;C:\Windows\Sun\Java\bin;C:\Windows\system32;C:\Windows;C:\Program Files\Common Files\Oracle\Java\javapath;C:\Program Files (x86)\Common Files\Oracle\Java\javapath;C:\Python311\Scripts\;C:\Python311\;C:\Windows\system32;C:\Windows;C:\Windows\System32\Wbem;C:\Windows\System32\WindowsPowerShell\v1.0\;C:\Windows\System32\OpenSSH\;C:\Program Files\dotnet\;C:\Program Files\nodejs\;C:\ProgramData\chocolatey\bin;C:\Users\Hanoz\AppData\Local\Microsoft\WindowsApps;C:\Program Files\JetBrains\PyCharm Community Edition 2021.3.2\bin;;C:\Users\Hanoz\AppData\Roaming\npm;C:\Users\Hanoz\AppData\Local\Programs\Microsoft VS Code\bin;C:\ghcup\bin;;."/>
    <property name="java.vm.info" value="mixed mode, sharing"/>
    <property name="stderr.encoding" value="Cp1252"/>
    <property name="java.vendor" value="Oracle Corporation"/>
    <property name="java.vm.version" value="21.0.1+12-LTS-29"/>
    <property name="sun.io.unicode.encoding" value="UnicodeLittle"/>
    <property name="java.class.version" value="65.0"/>
  </properties>
  <testcase name="Keyword_Check_Null" classname="Prepare_SearchAndSortSystem_Tests" time="0.024">
    <system-out><![CDATA[Please Do Not Use Chars like ' ', '.', ',' or ';'
 
]]></system-out>
  </testcase>
  <testcase name="Keyword_Check_SpaceAndData" classname="Prepare_SearchAndSortSystem_Tests" time="0.016">
    <system-out><![CDATA[Receiver: .. Performing Action
Email1 Contains Keywords






******************** Matching Emails ********************



---------------------------------------------------------------

Email Number 0: 

Subject: Database Error
Related Topic: Computing
Text: The database is not saving any new data which is entered, it has emails from 23/3/23 and back however, newer emails are missing which are posing challenges.
Date: 21/1/22

]]></system-out>
  </testcase>
  <testcase name="Keyword_Check_Semi_Colon" classname="Prepare_SearchAndSortSystem_Tests" time="0.001">
    <system-out><![CDATA[Please Do Not Use Chars like ' ', '.', ',' or ';'
 
]]></system-out>
  </testcase>
  <testcase name="Keyword_Check_Comma" classname="Prepare_SearchAndSortSystem_Tests" time="0.001">
    <system-out><![CDATA[Please Do Not Use Chars like ' ', '.', ',' or ';'
 
]]></system-out>
  </testcase>
  <testcase name="Keyword_Check_Space" classname="Prepare_SearchAndSortSystem_Tests" time="0.001">
    <system-out><![CDATA[Please Do Not Use Chars like ' ', '.', ',' or ';'
 
]]></system-out>
  </testcase>
  <testcase name="Keyword_Check_FullStop" classname="Prepare_SearchAndSortSystem_Tests" time="0.002">
    <system-out><![CDATA[Please Do Not Use Chars like ' ', '.', ',' or ';'
 
]]></system-out>
  </testcase>
  <testcase name="Keyword_Check_Spacex2" classname="Prepare_SearchAndSortSystem_Tests" time="0.003">
    <system-out><![CDATA[Receiver: .. Performing Action






******************** Matching Emails ********************



Error: No Emails Found! 

]]></system-out>
  </testcase>
  <testcase name="Keyword_Check_Success" classname="Prepare_SearchAndSortSystem_Tests" time="0.003">
    <system-out><![CDATA[Receiver: .. Performing Action
Email0 Contains Keywords
Email2 Contains Keywords
Email3 Contains Keywords






******************** Matching Emails ********************



---------------------------------------------------------------

Email Number 0: 

Subject: Sales Campaign Recap
Related Topic: Sales
Text: I wanted to provide you with an update on the recent sales campaign. Our team has successfully executed the plan, resulting in a significant increase in sales and positive feedback from clients. Please review the attached report for more detailed information.
Date: 15/1/21

---------------------------------------------------------------

Email Number 1: 

Subject: Employee Training Update
Related Topic: Human Resources
Text: This is to inform you about the progress of the ongoing employee training program. Participants are responding positively and the training is Successfully being delivered.
Date: 12/1/21

3
---------------------------------------------------------------

Email Number 2: 

Subject: Project Milestone Achieved
Related Topic: Computing
Text: I am pleased to share that we have reached a crucial milestone in our latest computing project. The team has worked diligently and Successfully to meet deadlines and deliver exceptional results. Attached is a summary of the achievements and next steps for your reference.
Date: 05/2/22

]]></system-out>
  </testcase>
  <testcase name="Keyword_Check_Customers" classname="Prepare_SearchAndSortSystem_Tests" time="0.002">
    <system-out><![CDATA[Receiver: .. Performing Action






******************** Matching Emails ********************



Error: No Emails Found! 

]]></system-out>
  </testcase>
</testsuite>